[debug] [2022-04-18T17:08:14.274Z] ----------------------------------------------------------------------
[debug] [2022-04-18T17:08:14.278Z] Command:       C:\Program Files\nodejs\node.exe C:\Users\User\AppData\Roaming\npm\node_modules\firebase-tools\lib\bin\firebase.js init
[debug] [2022-04-18T17:08:14.278Z] CLI Version:   10.6.0
[debug] [2022-04-18T17:08:14.278Z] Platform:      win32
[debug] [2022-04-18T17:08:14.278Z] Node Version:  v14.17.5
[debug] [2022-04-18T17:08:14.280Z] Time:          Mon Apr 18 2022 23:08:14 GMT+0600 (Bangladesh Standard Time)
[debug] [2022-04-18T17:08:14.280Z] ----------------------------------------------------------------------
[debug] 
[debug] [2022-04-18T17:08:14.292Z] > command requires scopes: ["email","openid","https://www.googleapis.com/auth/cloudplatformprojects.readonly","https://www.googleapis.com/auth/firebase","https://www.googleapis.com/auth/cloud-platform"]
[debug] [2022-04-18T17:08:14.292Z] > authorizing via signed-in user (shadullahsad9@gmail.com)
[info] 
     ######## #### ########  ######## ########     ###     ######  ########
     ##        ##  ##     ## ##       ##     ##  ##   ##  ##       ##
     ######    ##  ########  ######   ########  #########  ######  ######
     ##        ##  ##    ##  ##       ##     ## ##     ##       ## ##
     ##       #### ##     ## ######## ########  ##     ##  ######  ########

You're about to initialize a Firebase project in this directory:

  G:\Sakiib\code\React-Router\working-app

[info] 
=== Project Setup
[info] 
[info] First, let's associate this project directory with a Firebase project.
[info] You can create multiple project aliases by running firebase use --add, 
[info] but for now we'll just set up a default project.
[info] 
[info] i  If you want to create a project in a Google Cloud organization or folder, please use "firebase projects:create" instead, and return to this command when you've created the project. 
